# JRE version: OpenJDK Runtime Environment Temurin-21.0.8+9 (21.0.8+9) (build 21.0.8+9-LTS)
# Java VM: OpenJDK 64-Bit Server VM Temurin-21.0.8+9 (21.0.8+9-LTS, mixed mode, sharing, tiered, compressed oops, compressed class ptrs, parallel gc, windows-amd64)
GC Precious Log:
 CardTable entry size: 512
 CPUs: 2 total, 2 available
 Memory: 3899M
 Large Page Support: Disabled
 NUMA Support: Disabled
 Compressed Oops: Enabled (32-bit)
 Alignments: Space 512K, Generation 512K, Heap 2M
 Heap Min Capacity: 100M
 Heap Initial Capacity: 100M
 Heap Max Capacity: 2G
 Pre-touch: Disabled
 Parallel Workers: 2
Heap:
 PSYoungGen      total 22528K, used 15518K [0x00000000d5580000, 0x00000000d7300000, 0x0000000100000000)
  eden space 14848K, 56% used [0x00000000d5580000,0x00000000d5dc18b0,0x00000000d6400000)
  from space 7680K, 91% used [0x00000000d6400000,0x00000000d6ae6270,0x00000000d6b80000)
  to   space 7680K, 0% used [0x00000000d6b80000,0x00000000d6b80000,0x00000000d7300000)
 ParOldGen       total 141312K, used 140915K [0x0000000080000000, 0x0000000088a00000, 0x00000000d5580000)
  object space 141312K, 99% used [0x0000000080000000,0x000000008899cc68,0x0000000088a00000)
 Metaspace       used 68608K, committed 70016K, reserved 1114112K
  class space    used 7281K, committed 7872K, reserved 1048576K
GC Heap History (20 events):
Event: 237.745 GC heap before
{Heap before GC invocations=41 (full 3):
 PSYoungGen      total 19968K, used 19968K [0x00000000d5580000, 0x00000000d7f00000, 0x0000000100000000)
  eden space 14848K, 100% used [0x00000000d5580000,0x00000000d6400000,0x00000000d6400000)
  from space 5120K, 100% used [0x00000000d6400000,0x00000000d6900000,0x00000000d6900000)
  to   space 13824K, 0% used [0x00000000d7180000,0x00000000d7180000,0x00000000d7f00000)
 ParOldGen       total 101376K, used 101104K [0x0000000080000000, 0x0000000086300000, 0x00000000d5580000)
  object space 101376K, 99% used [0x0000000080000000,0x00000000862bc228,0x0000000086300000)
 Metaspace       used 65217K, committed 66624K, reserved 1114112K
  class space    used 6998K, committed 7552K, reserved 1048576K
}
Event: 237.795 GC heap after
{Heap after GC invocations=41 (full 3):
 PSYoungGen      total 26624K, used 11328K [0x00000000d5580000, 0x00000000d7d00000, 0x0000000100000000)
  eden space 14848K, 0% used [0x00000000d5580000,0x00000000d5580000,0x00000000d6400000)
  from space 11776K, 96% used [0x00000000d7180000,0x00000000d7c90000,0x00000000d7d00000)
  to   space 11776K, 0% used [0x00000000d6600000,0x00000000d6600000,0x00000000d7180000)
 ParOldGen       total 106496K, used 106248K [0x0000000080000000, 0x0000000086800000, 0x00000000d5580000)
  object space 106496K, 99% used [0x0000000080000000,0x00000000867c2228,0x0000000086800000)
 Metaspace       used 65217K, committed 66624K, reserved 1114112K
  class space    used 6998K, committed 7552K, reserved 1048576K
}
Event: 237.885 GC heap before
{Heap before GC invocations=42 (full 3):
 PSYoungGen      total 26624K, used 26176K [0x00000000d5580000, 0x00000000d7d00000, 0x0000000100000000)
  eden space 14848K, 100% used [0x00000000d5580000,0x00000000d6400000,0x00000000d6400000)
  from space 11776K, 96% used [0x00000000d7180000,0x00000000d7c90000,0x00000000d7d00000)
  to   space 11776K, 0% used [0x00000000d6600000,0x00000000d6600000,0x00000000d7180000)
 ParOldGen       total 106496K, used 106248K [0x0000000080000000, 0x0000000086800000, 0x00000000d5580000)
  object space 106496K, 99% used [0x0000000080000000,0x00000000867c2228,0x0000000086800000)
 Metaspace       used 65217K, committed 66624K, reserved 1114112K
  class space    used 6998K, committed 7552K, reserved 1048576K
}
Event: 237.945 GC heap after
{Heap after GC invocations=42 (full 3):
 PSYoungGen      total 26624K, used 11328K [0x00000000d5580000, 0x00000000d7b00000, 0x0000000100000000)
  eden space 14848K, 0% used [0x00000000d5580000,0x00000000d5580000,0x00000000d6400000)
  from space 11776K, 96% used [0x00000000d6600000,0x00000000d7110000,0x00000000d7180000)
  to   space 9728K, 0% used [0x00000000d7180000,0x00000000d7180000,0x00000000d7b00000)
 ParOldGen       total 117760K, used 117568K [0x0000000080000000, 0x0000000087300000, 0x00000000d5580000)
  object space 117760K, 99% used [0x0000000080000000,0x00000000872d0228,0x0000000087300000)
 Metaspace       used 65217K, committed 66624K, reserved 1114112K
  class space    used 6998K, committed 7552K, reserved 1048576K
}
Event: 255.307 GC heap before
{Heap before GC invocations=43 (full 3):
 PSYoungGen      total 26624K, used 26176K [0x00000000d5580000, 0x00000000d7b00000, 0x0000000100000000)
  eden space 14848K, 100% used [0x00000000d5580000,0x00000000d6400000,0x00000000d6400000)
  from space 11776K, 96% used [0x00000000d6600000,0x00000000d7110000,0x00000000d7180000)
  to   space 9728K, 0% used [0x00000000d7180000,0x00000000d7180000,0x00000000d7b00000)
 ParOldGen       total 117760K, used 117568K [0x0000000080000000, 0x0000000087300000, 0x00000000d5580000)
  object space 117760K, 99% used [0x0000000080000000,0x00000000872d0228,0x0000000087300000)
 Metaspace       used 65827K, committed 67136K, reserved 1114112K
  class space    used 7081K, committed 7616K, reserved 1048576K
}
Event: 255.379 GC heap after
{Heap after GC invocations=43 (full 3):
 PSYoungGen      total 18432K, used 3460K [0x00000000d5580000, 0x00000000d7500000, 0x0000000100000000)
  eden space 14848K, 0% used [0x00000000d5580000,0x00000000d5580000,0x00000000d6400000)
  from space 3584K, 96% used [0x00000000d7180000,0x00000000d74e11d8,0x00000000d7500000)
  to   space 6656K, 0% used [0x00000000d6800000,0x00000000d6800000,0x00000000d6e80000)
 ParOldGen       total 129024K, used 128896K [0x0000000080000000, 0x0000000087e00000, 0x00000000d5580000)
  object space 129024K, 99% used [0x0000000080000000,0x0000000087de0228,0x0000000087e00000)
 Metaspace       used 65827K, committed 67136K, reserved 1114112K
  class space    used 7081K, committed 7616K, reserved 1048576K
}
Event: 373.051 GC heap before
{Heap before GC invocations=44 (full 3):
 PSYoungGen      total 18432K, used 18308K [0x00000000d5580000, 0x00000000d7500000, 0x0000000100000000)
  eden space 14848K, 100% used [0x00000000d5580000,0x00000000d6400000,0x00000000d6400000)
  from space 3584K, 96% used [0x00000000d7180000,0x00000000d74e11d8,0x00000000d7500000)
  to   space 6656K, 0% used [0x00000000d6800000,0x00000000d6800000,0x00000000d6e80000)
 ParOldGen       total 129024K, used 128896K [0x0000000080000000, 0x0000000087e00000, 0x00000000d5580000)
  object space 129024K, 99% used [0x0000000080000000,0x0000000087de0228,0x0000000087e00000)
 Metaspace       used 66854K, committed 68224K, reserved 1114112K
  class space    used 7174K, committed 7744K, reserved 1048576K
}
Event: 373.117 GC heap after
{Heap after GC invocations=44 (full 3):
 PSYoungGen      total 21504K, used 1207K [0x00000000d5580000, 0x00000000d7200000, 0x0000000100000000)
  eden space 14848K, 0% used [0x00000000d5580000,0x00000000d5580000,0x00000000d6400000)
  from space 6656K, 18% used [0x00000000d6800000,0x00000000d692dd58,0x00000000d6e80000)
  to   space 2560K, 0% used [0x00000000d6f80000,0x00000000d6f80000,0x00000000d7200000)
 ParOldGen       total 130048K, used 129941K [0x0000000080000000, 0x0000000087f00000, 0x00000000d5580000)
  object space 130048K, 99% used [0x0000000080000000,0x0000000087ee54e0,0x0000000087f00000)
 Metaspace       used 66854K, committed 68224K, reserved 1114112K
  class space    used 7174K, committed 7744K, reserved 1048576K
}
Event: 383.831 GC heap before
{Heap before GC invocations=45 (full 3):
 PSYoungGen      total 21504K, used 16055K [0x00000000d5580000, 0x00000000d7200000, 0x0000000100000000)
  eden space 14848K, 100% used [0x00000000d5580000,0x00000000d6400000,0x00000000d6400000)
  from space 6656K, 18% used [0x00000000d6800000,0x00000000d692dd58,0x00000000d6e80000)
  to   space 2560K, 0% used [0x00000000d6f80000,0x00000000d6f80000,0x00000000d7200000)
 ParOldGen       total 130048K, used 129941K [0x0000000080000000, 0x0000000087f00000, 0x00000000d5580000)
  object space 130048K, 99% used [0x0000000080000000,0x0000000087ee54e0,0x0000000087f00000)
 Metaspace       used 67509K, committed 68928K, reserved 1114112K
  class space    used 7216K, committed 7808K, reserved 1048576K
}
Event: 383.843 GC heap after
{Heap after GC invocations=45 (full 3):
 PSYoungGen      total 15872K, used 800K [0x00000000d5580000, 0x00000000d7080000, 0x0000000100000000)
  eden space 14848K, 0% used [0x00000000d5580000,0x00000000d5580000,0x00000000d6400000)
  from space 1024K, 78% used [0x00000000d6f80000,0x00000000d7048000,0x00000000d7080000)
  to   space 1536K, 0% used [0x00000000d6d80000,0x00000000d6d80000,0x00000000d6f00000)
 ParOldGen       total 131072K, used 130628K [0x0000000080000000, 0x0000000088000000, 0x00000000d5580000)
  object space 131072K, 99% used [0x0000000080000000,0x0000000087f91288,0x0000000088000000)
 Metaspace       used 67509K, committed 68928K, reserved 1114112K
  class space    used 7216K, committed 7808K, reserved 1048576K
}
Event: 474.905 GC heap before
{Heap before GC invocations=46 (full 3):
 PSYoungGen      total 15872K, used 15647K [0x00000000d5580000, 0x00000000d7080000, 0x0000000100000000)
  eden space 14848K, 99% used [0x00000000d5580000,0x00000000d63fffa0,0x00000000d6400000)
  from space 1024K, 78% used [0x00000000d6f80000,0x00000000d7048000,0x00000000d7080000)
  to   space 1536K, 0% used [0x00000000d6d80000,0x00000000d6d80000,0x00000000d6f00000)
 ParOldGen       total 131072K, used 130628K [0x0000000080000000, 0x0000000088000000, 0x00000000d5580000)
  object space 131072K, 99% used [0x0000000080000000,0x0000000087f91288,0x0000000088000000)
 Metaspace       used 67938K, committed 69312K, reserved 1114112K
  class space    used 7246K, committed 7808K, reserved 1048576K
}
Event: 474.973 GC heap after
{Heap after GC invocations=46 (full 3):
 PSYoungGen      total 16384K, used 1024K [0x00000000d5580000, 0x00000000d7000000, 0x0000000100000000)
  eden space 14848K, 0% used [0x00000000d5580000,0x00000000d5580000,0x00000000d6400000)
  from space 1536K, 66% used [0x00000000d6d80000,0x00000000d6e80080,0x00000000d6f00000)
  to   space 1024K, 0% used [0x00000000d6f00000,0x00000000d6f00000,0x00000000d7000000)
 ParOldGen       total 131584K, used 131385K [0x0000000080000000, 0x0000000088080000, 0x00000000d5580000)
  object space 131584K, 99% used [0x0000000080000000,0x000000008804e5f0,0x0000000088080000)
 Metaspace       used 67938K, committed 69312K, reserved 1114112K
  class space    used 7246K, committed 7808K, reserved 1048576K
}
Event: 503.116 GC heap before
{Heap before GC invocations=47 (full 3):
 PSYoungGen      total 16384K, used 15872K [0x00000000d5580000, 0x00000000d7000000, 0x0000000100000000)
  eden space 14848K, 100% used [0x00000000d5580000,0x00000000d6400000,0x00000000d6400000)
  from space 1536K, 66% used [0x00000000d6d80000,0x00000000d6e80080,0x00000000d6f00000)
  to   space 1024K, 0% used [0x00000000d6f00000,0x00000000d6f00000,0x00000000d7000000)
 ParOldGen       total 131584K, used 131385K [0x0000000080000000, 0x0000000088080000, 0x00000000d5580000)
  object space 131584K, 99% used [0x0000000080000000,0x000000008804e5f0,0x0000000088080000)
 Metaspace       used 68100K, committed 69568K, reserved 1114112K
  class space    used 7259K, committed 7872K, reserved 1048576K
}
Event: 503.204 GC heap after
{Heap after GC invocations=47 (full 3):
 PSYoungGen      total 15872K, used 1004K [0x00000000d5580000, 0x00000000d7000000, 0x0000000100000000)
  eden space 14848K, 0% used [0x00000000d5580000,0x00000000d5580000,0x00000000d6400000)
  from space 1024K, 98% used [0x00000000d6f00000,0x00000000d6ffb008,0x00000000d7000000)
  to   space 4096K, 0% used [0x00000000d6800000,0x00000000d6800000,0x00000000d6c00000)
 ParOldGen       total 134144K, used 134002K [0x0000000080000000, 0x0000000088300000, 0x00000000d5580000)
  object space 134144K, 99% used [0x0000000080000000,0x00000000882dcb08,0x0000000088300000)
 Metaspace       used 68100K, committed 69568K, reserved 1114112K
  class space    used 7259K, committed 7872K, reserved 1048576K
}
Event: 535.473 GC heap before
{Heap before GC invocations=48 (full 3):
 PSYoungGen      total 15872K, used 15852K [0x00000000d5580000, 0x00000000d7000000, 0x0000000100000000)
  eden space 14848K, 100% used [0x00000000d5580000,0x00000000d6400000,0x00000000d6400000)
  from space 1024K, 98% used [0x00000000d6f00000,0x00000000d6ffb008,0x00000000d7000000)
  to   space 4096K, 0% used [0x00000000d6800000,0x00000000d6800000,0x00000000d6c00000)
 ParOldGen       total 134144K, used 134002K [0x0000000080000000, 0x0000000088300000, 0x00000000d5580000)
  object space 134144K, 99% used [0x0000000080000000,0x00000000882dcb08,0x0000000088300000)
 Metaspace       used 68411K, committed 69824K, reserved 1114112K
  class space    used 7280K, committed 7872K, reserved 1048576K
}
Event: 535.583 GC heap after
{Heap after GC invocations=48 (full 3):
 PSYoungGen      total 18944K, used 472K [0x00000000d5580000, 0x00000000d6f80000, 0x0000000100000000)
  eden space 14848K, 0% used [0x00000000d5580000,0x00000000d5580000,0x00000000d6400000)
  from space 4096K, 11% used [0x00000000d6800000,0x00000000d6876010,0x00000000d6c00000)
  to   space 2048K, 0% used [0x00000000d6d80000,0x00000000d6d80000,0x00000000d6f80000)
 ParOldGen       total 135168K, used 134998K [0x0000000080000000, 0x0000000088400000, 0x00000000d5580000)
  object space 135168K, 99% used [0x0000000080000000,0x00000000883d5b10,0x0000000088400000)
 Metaspace       used 68411K, committed 69824K, reserved 1114112K
  class space    used 7280K, committed 7872K, reserved 1048576K
}
Event: 644.224 GC heap before
{Heap before GC invocations=49 (full 3):
 PSYoungGen      total 18944K, used 14987K [0x00000000d5580000, 0x00000000d6f80000, 0x0000000100000000)
  eden space 14848K, 97% used [0x00000000d5580000,0x00000000d63accb8,0x00000000d6400000)
  from space 4096K, 11% used [0x00000000d6800000,0x00000000d6876010,0x00000000d6c00000)
  to   space 2048K, 0% used [0x00000000d6d80000,0x00000000d6d80000,0x00000000d6f80000)
 ParOldGen       total 135168K, used 134998K [0x0000000080000000, 0x0000000088400000, 0x00000000d5580000)
  object space 135168K, 99% used [0x0000000080000000,0x00000000883d5b10,0x0000000088400000)
 Metaspace       used 68480K, committed 69888K, reserved 1114112K
  class space    used 7280K, committed 7872K, reserved 1048576K
}
Event: 644.323 GC heap after
{Heap after GC invocations=49 (full 3):
 PSYoungGen      total 16896K, used 2020K [0x00000000d5580000, 0x00000000d7300000, 0x0000000100000000)
  eden space 14848K, 0% used [0x00000000d5580000,0x00000000d5580000,0x00000000d6400000)
  from space 2048K, 98% used [0x00000000d6d80000,0x00000000d6f79148,0x00000000d6f80000)
  to   space 7680K, 0% used [0x00000000d6400000,0x00000000d6400000,0x00000000d6b80000)
 ParOldGen       total 139264K, used 139203K [0x0000000080000000, 0x0000000088800000, 0x00000000d5580000)
  object space 139264K, 99% used [0x0000000080000000,0x00000000887f0c68,0x0000000088800000)
 Metaspace       used 68480K, committed 69888K, reserved 1114112K
  class space    used 7280K, committed 7872K, reserved 1048576K
}
Event: 737.477 GC heap before
{Heap before GC invocations=50 (full 3):
 PSYoungGen      total 16896K, used 16868K [0x00000000d5580000, 0x00000000d7300000, 0x0000000100000000)
  eden space 14848K, 100% used [0x00000000d5580000,0x00000000d6400000,0x00000000d6400000)
  from space 2048K, 98% used [0x00000000d6d80000,0x00000000d6f79148,0x00000000d6f80000)
  to   space 7680K, 0% used [0x00000000d6400000,0x00000000d6400000,0x00000000d6b80000)
 ParOldGen       total 139264K, used 139203K [0x0000000080000000, 0x0000000088800000, 0x00000000d5580000)
  object space 139264K, 99% used [0x0000000080000000,0x00000000887f0c68,0x0000000088800000)
 Metaspace       used 68581K, committed 69952K, reserved 1114112K
  class space    used 7281K, committed 7872K, reserved 1048576K
}
Event: 737.633 GC heap after
{Heap after GC invocations=50 (full 3):
 PSYoungGen      total 22528K, used 7064K [0x00000000d5580000, 0x00000000d7300000, 0x0000000100000000)
  eden space 14848K, 0% used [0x00000000d5580000,0x00000000d5580000,0x00000000d6400000)
  from space 7680K, 91% used [0x00000000d6400000,0x00000000d6ae6270,0x00000000d6b80000)
  to   space 7680K, 0% used [0x00000000d6b80000,0x00000000d6b80000,0x00000000d7300000)
 ParOldGen       total 141312K, used 140915K [0x0000000080000000, 0x0000000088a00000, 0x00000000d5580000)
  object space 141312K, 99% used [0x0000000080000000,0x000000008899cc68,0x0000000088a00000)
 Metaspace       used 68581K, committed 69952K, reserved 1114112K
  class space    used 7281K, committed 7872K, reserved 1048576K
}

